<?xml version="1.0" encoding="UTF-8"?>
<!-- Generated by org.testng.reporters.JUnitReportReporter -->
<testsuite hostname="Swarnendus-MacBook-Pro.local" name="qaclickacademy.RestApiTest" tests="2" failures="0" timestamp="5 Dec 2020 13:31:00 GMT" time="0.018" errors="0">
  <testcase name="DeleteTwitter" time="0.017" classname="qaclickacademy.RestApiTest"/>
  <testcase name="postJira" time="0.001" classname="qaclickacademy.RestApiTest"/>
</testsuite> <!-- qaclickacademy.RestApiTest -->
