<?xml version="1.0" encoding="UTF-8"?>
<!-- Generated by org.testng.reporters.JUnitReportReporter -->
<testsuite hostname="Swarnendus-MacBook-Pro.local" name="qaclickacademy.AppiumTest" tests="2" failures="0" timestamp="5 Dec 2020 13:36:03 GMT" time="0.012" errors="0">
  <testcase name="IosApps" time="0.011" classname="qaclickacademy.AppiumTest"/>
  <testcase name="NativeppAndroid" time="0.001" classname="qaclickacademy.AppiumTest"/>
</testsuite> <!-- qaclickacademy.AppiumTest -->
