<?xml version="1.0" encoding="UTF-8"?>
<!-- Generated by org.testng.reporters.JUnitReportReporter -->
<testsuite hostname="Swarnendus-MacBook-Pro.local" name="qaclickacademy.SeleniumTest" tests="2" failures="0" timestamp="5 Dec 2020 13:31:00 GMT" time="0.000" errors="0">
  <testcase name="BrowseAutomation" time="0.000" classname="qaclickacademy.SeleniumTest"/>
  <testcase name="elemetsUI" time="0.000" classname="qaclickacademy.SeleniumTest"/>
</testsuite> <!-- qaclickacademy.SeleniumTest -->
